[debug] [2018-02-02T04:16:43.833Z] ----------------------------------------------------------------------
[debug] [2018-02-02T04:16:43.836Z] Command:       c:\program files\nodejs\node.exe C:\Users\Amos\AppData\Roaming\npm\node_modules\firebase-tools\bin\firebase deploy
[debug] [2018-02-02T04:16:43.837Z] CLI Version:   3.16.0
[debug] [2018-02-02T04:16:43.837Z] Platform:      win32
[debug] [2018-02-02T04:16:43.837Z] Node Version:  v6.10.0
[debug] [2018-02-02T04:16:43.838Z] Time:          Fri Feb 02 2018 06:16:43 GMT+0200 (Jerusalem Standard Time)
[debug] [2018-02-02T04:16:43.838Z] ----------------------------------------------------------------------
[debug] 
[debug] [2018-02-02T04:16:43.866Z] > command requires scopes: ["email","openid","https://www.googleapis.com/auth/cloudplatformprojects.readonly","https://www.googleapis.com/auth/firebase","https://www.googleapis.com/auth/cloud-platform"]
[debug] [2018-02-02T04:16:43.867Z] > authorizing via signed-in user
[debug] [2018-02-02T04:16:43.869Z] > refreshing access token with scopes: ["email","https://www.googleapis.com/auth/cloud-platform","https://www.googleapis.com/auth/cloudplatformprojects.readonly","https://www.googleapis.com/auth/firebase","openid"]
[debug] [2018-02-02T04:16:43.870Z] >>> HTTP REQUEST POST https://www.googleapis.com/oauth2/v3/token  
 { refresh_token: '1/yKWoVVyZW7JqB44bDCUQ0fNkwBkNJXkbXtdRpM_-ii5cjpIa3aHmzP8widLhLPo8',
  client_id: '563584335869-fgrhgmd47bqnekij5i8b5pr03ho849e6.apps.googleusercontent.com',
  client_secret: 'j9iVZfS8kkCEFUPaAeJV0sAi',
  grant_type: 'refresh_token',
  scope: 'email https://www.googleapis.com/auth/cloud-platform https://www.googleapis.com/auth/cloudplatformprojects.readonly https://www.googleapis.com/auth/firebase openid' } 
 Fri Feb 02 2018 06:16:43 GMT+0200 (Jerusalem Standard Time)
[debug] [2018-02-02T04:16:44.312Z] <<< HTTP RESPONSE 200
[debug] [2018-02-02T04:16:44.374Z] >>> HTTP REQUEST GET https://admin.firebase.com/v1/projects/quote-me-d966f  
  
 Fri Feb 02 2018 06:16:44 GMT+0200 (Jerusalem Standard Time)
[debug] [2018-02-02T04:16:45.389Z] <<< HTTP RESPONSE 200
[debug] [2018-02-02T04:16:45.390Z] >>> HTTP REQUEST GET https://admin.firebase.com/v1/database/quote-me-d966f/tokens  
  
 Fri Feb 02 2018 06:16:45 GMT+0200 (Jerusalem Standard Time)
[debug] [2018-02-02T04:16:46.115Z] <<< HTTP RESPONSE 200
[info] 
[info] === Deploying to 'quote-me-d966f'...
[info] 
[info] i  deploying database, functions, hosting
[info] i  database: checking rules syntax...
[debug] [2018-02-02T04:16:47.110Z] >>> HTTP REQUEST PUT https://quote-me-d966f.firebaseio.com/.settings/rules.json?dryRun=true  
 {
  "rules": {
    ".read": true,
    ".write": false,

    "uploads": {
      ".write": "auth != null"
    },
   "items": {
      ".write": "auth != null"
    },
    "users": {
      ".write": "auth != null"
    }



  }
}
 
 Fri Feb 02 2018 06:16:47 GMT+0200 (Jerusalem Standard Time)
[debug] [2018-02-02T04:16:47.926Z] <<< HTTP RESPONSE 200
[info] +  database: rules syntax for database quote-me-d966f is valid
[debug] [2018-02-02T04:16:47.929Z] > [functions] package.json contents: {
  "name": "functions",
  "description": "Cloud Functions for Firebase",
  "scripts": {
    "serve": "firebase serve --only functions",
    "shell": "firebase experimental:functions:shell",
    "start": "npm run shell",
    "deploy": "firebase deploy --only functions",
    "logs": "firebase functions:log"
  },
  "dependencies": {
    "firebase-admin": "~5.4.2",
    "firebase-functions": "^0.7.1"
  },
  "private": true
}
[info] i  functions: ensuring necessary APIs are enabled...
[debug] [2018-02-02T04:16:47.931Z] >>> HTTP REQUEST GET https://servicemanagement.googleapis.com/v1/services/cloudfunctions.googleapis.com/projectSettings/quote-me-d966f?view=CONSUMER_VIEW  
  
 Fri Feb 02 2018 06:16:47 GMT+0200 (Jerusalem Standard Time)
[debug] [2018-02-02T04:16:47.931Z] >>> HTTP REQUEST GET https://servicemanagement.googleapis.com/v1/services/runtimeconfig.googleapis.com/projectSettings/quote-me-d966f?view=CONSUMER_VIEW  
  
 Fri Feb 02 2018 06:16:47 GMT+0200 (Jerusalem Standard Time)
[debug] [2018-02-02T04:16:49.262Z] <<< HTTP RESPONSE 200
[debug] [2018-02-02T04:16:49.416Z] <<< HTTP RESPONSE 200
[info] +  functions: all necessary APIs are enabled
[debug] [2018-02-02T04:16:49.418Z] >>> HTTP REQUEST GET https://appengine.googleapis.com/v1/apps/quote-me-d966f  
  
 Fri Feb 02 2018 06:16:49 GMT+0200 (Jerusalem Standard Time)
[debug] [2018-02-02T04:16:49.419Z] >>> HTTP REQUEST GET https://apikeys.googleapis.com/v1/projects/quote-me-d966f/apiKeys  
  
 Fri Feb 02 2018 06:16:49 GMT+0200 (Jerusalem Standard Time)
[debug] [2018-02-02T04:16:50.503Z] <<< HTTP RESPONSE 200
[debug] [2018-02-02T04:16:50.702Z] <<< HTTP RESPONSE 200
